# JRE version: Java(TM) SE Runtime Environment (8.0_201-b09) (build 1.8.0_201-b09)
# Java VM: Java HotSpot(TM) 64-Bit Server VM (25.201-b09 mixed mode bsd-amd64 compressed oops)
Heap:
 PSYoungGen      total 832512K, used 728581K [0x0000000715580000, 0x000000074ac80000, 0x00000007c0000000)
  eden space 825856K, 87% used [0x0000000715580000,0x00000007416e60c8,0x0000000747c00000)
  from space 6656K, 93% used [0x000000074a600000,0x000000074ac1b338,0x000000074ac80000)
  to   space 11264K, 0% used [0x0000000749680000,0x0000000749680000,0x000000074a180000)
 ParOldGen       total 205824K, used 18641K [0x00000005c0000000, 0x00000005cc900000, 0x0000000715580000)
  object space 205824K, 9% used [0x00000005c0000000,0x00000005c1234630,0x00000005cc900000)
 Metaspace       used 56273K, capacity 58700K, committed 58968K, reserved 1099776K
  class space    used 7501K, capacity 7939K, committed 8064K, reserved 1048576K
GC Heap History (10 events):
Event: 3.793 GC heap before
{Heap before GC invocations=6 (full 1):
 PSYoungGen      total 284672K, used 263168K [0x0000000715580000, 0x0000000728080000, 0x00000007c0000000)
  eden space 263168K, 100% used [0x0000000715580000,0x0000000725680000,0x0000000725680000)
  from space 21504K, 0% used [0x0000000726b80000,0x0000000726b80000,0x0000000728080000)
  to   space 21504K, 0% used [0x0000000725680000,0x0000000725680000,0x0000000726b80000)
 ParOldGen       total 152576K, used 5402K [0x00000005c0000000, 0x00000005c9500000, 0x0000000715580000)
  object space 152576K, 3% used [0x00000005c0000000,0x00000005c0546b80,0x00000005c9500000)
 Metaspace       used 25396K, capacity 26248K, committed 26624K, reserved 1073152K
  class space    used 3239K, capacity 3459K, committed 3584K, reserved 1048576K
Event: 3.800 GC heap after
Heap after GC invocations=6 (full 1):
 PSYoungGen      total 284672K, used 4057K [0x0000000715580000, 0x0000000734080000, 0x00000007c0000000)
  eden space 263168K, 0% used [0x0000000715580000,0x0000000715580000,0x0000000725680000)
  from space 21504K, 18% used [0x0000000725680000,0x0000000725a76738,0x0000000726b80000)
  to   space 7168K, 0% used [0x0000000733980000,0x0000000733980000,0x0000000734080000)
 ParOldGen       total 152576K, used 5474K [0x00000005c0000000, 0x00000005c9500000, 0x0000000715580000)
  object space 152576K, 3% used [0x00000005c0000000,0x00000005c0558b90,0x00000005c9500000)
 Metaspace       used 25396K, capacity 26248K, committed 26624K, reserved 1073152K
  class space    used 3239K, capacity 3459K, committed 3584K, reserved 1048576K
}
Event: 5.440 GC heap before
{Heap before GC invocations=7 (full 1):
 PSYoungGen      total 284672K, used 267225K [0x0000000715580000, 0x0000000734080000, 0x00000007c0000000)
  eden space 263168K, 100% used [0x0000000715580000,0x0000000725680000,0x0000000725680000)
  from space 21504K, 18% used [0x0000000725680000,0x0000000725a76738,0x0000000726b80000)
  to   space 7168K, 0% used [0x0000000733980000,0x0000000733980000,0x0000000734080000)
 ParOldGen       total 152576K, used 5474K [0x00000005c0000000, 0x00000005c9500000, 0x0000000715580000)
  object space 152576K, 3% used [0x00000005c0000000,0x00000005c0558b90,0x00000005c9500000)
 Metaspace       used 29680K, capacity 31100K, committed 31360K, reserved 1077248K
  class space    used 3837K, capacity 4113K, committed 4224K, reserved 1048576K
Event: 5.451 GC heap after
Heap after GC invocations=7 (full 1):
 PSYoungGen      total 486400K, used 7157K [0x0000000715580000, 0x0000000734080000, 0x00000007c0000000)
  eden space 479232K, 0% used [0x0000000715580000,0x0000000715580000,0x0000000732980000)
  from space 7168K, 99% used [0x0000000733980000,0x000000073407d718,0x0000000734080000)
  to   space 8192K, 0% used [0x0000000733080000,0x0000000733080000,0x0000000733880000)
 ParOldGen       total 152576K, used 5906K [0x00000005c0000000, 0x00000005c9500000, 0x0000000715580000)
  object space 152576K, 3% used [0x00000005c0000000,0x00000005c05c4b90,0x00000005c9500000)
 Metaspace       used 29680K, capacity 31100K, committed 31360K, reserved 1077248K
  class space    used 3837K, capacity 4113K, committed 4224K, reserved 1048576K
}
Event: 6.315 GC heap before
{Heap before GC invocations=8 (full 1):
 PSYoungGen      total 486400K, used 174728K [0x0000000715580000, 0x0000000734080000, 0x00000007c0000000)
  eden space 479232K, 34% used [0x0000000715580000,0x000000071f924c90,0x0000000732980000)
  from space 7168K, 99% used [0x0000000733980000,0x000000073407d718,0x0000000734080000)
  to   space 8192K, 0% used [0x0000000733080000,0x0000000733080000,0x0000000733880000)
 ParOldGen       total 152576K, used 5906K [0x00000005c0000000, 0x00000005c9500000, 0x0000000715580000)
  object space 152576K, 3% used [0x00000005c0000000,0x00000005c05c4b90,0x00000005c9500000)
 Metaspace       used 33836K, capacity 35332K, committed 35416K, reserved 1079296K
  class space    used 4371K, capacity 4691K, committed 4736K, reserved 1048576K
Event: 6.330 GC heap after
Heap after GC invocations=8 (full 1):
 PSYoungGen      total 494592K, used 8181K [0x0000000715580000, 0x000000074b200000, 0x00000007c0000000)
  eden space 486400K, 0% used [0x0000000715580000,0x0000000715580000,0x0000000733080000)
  from space 8192K, 99% used [0x0000000733080000,0x000000073387d748,0x0000000733880000)
  to   space 12288K, 0% used [0x000000074a600000,0x000000074a600000,0x000000074b200000)
 ParOldGen       total 152576K, used 11243K [0x00000005c0000000, 0x00000005c9500000, 0x0000000715580000)
  object space 152576K, 7% used [0x00000005c0000000,0x00000005c0afad08,0x00000005c9500000)
 Metaspace       used 33836K, capacity 35332K, committed 35416K, reserved 1079296K
  class space    used 4371K, capacity 4691K, committed 4736K, reserved 1048576K
}
Event: 6.330 GC heap before
{Heap before GC invocations=9 (full 2):
 PSYoungGen      total 494592K, used 8181K [0x0000000715580000, 0x000000074b200000, 0x00000007c0000000)
  eden space 486400K, 0% used [0x0000000715580000,0x0000000715580000,0x0000000733080000)
  from space 8192K, 99% used [0x0000000733080000,0x000000073387d748,0x0000000733880000)
  to   space 12288K, 0% used [0x000000074a600000,0x000000074a600000,0x000000074b200000)
 ParOldGen       total 152576K, used 11243K [0x00000005c0000000, 0x00000005c9500000, 0x0000000715580000)
  object space 152576K, 7% used [0x00000005c0000000,0x00000005c0afad08,0x00000005c9500000)
 Metaspace       used 33836K, capacity 35332K, committed 35416K, reserved 1079296K
  class space    used 4371K, capacity 4691K, committed 4736K, reserved 1048576K
Event: 6.416 GC heap after
Heap after GC invocations=9 (full 2):
 PSYoungGen      total 494592K, used 0K [0x0000000715580000, 0x000000074b200000, 0x00000007c0000000)
  eden space 486400K, 0% used [0x0000000715580000,0x0000000715580000,0x0000000733080000)
  from space 8192K, 0% used [0x0000000733080000,0x0000000733080000,0x0000000733880000)
  to   space 12288K, 0% used [0x000000074a600000,0x000000074a600000,0x000000074b200000)
 ParOldGen       total 205824K, used 18633K [0x00000005c0000000, 0x00000005cc900000, 0x0000000715580000)
  object space 205824K, 9% used [0x00000005c0000000,0x00000005c1232630,0x00000005cc900000)
 Metaspace       used 33836K, capacity 35332K, committed 35416K, reserved 1079296K
  class space    used 4371K, capacity 4691K, committed 4736K, reserved 1048576K
}
Event: 8.822 GC heap before
{Heap before GC invocations=10 (full 2):
 PSYoungGen      total 494592K, used 486400K [0x0000000715580000, 0x000000074b200000, 0x00000007c0000000)
  eden space 486400K, 100% used [0x0000000715580000,0x0000000733080000,0x0000000733080000)
  from space 8192K, 0% used [0x0000000733080000,0x0000000733080000,0x0000000733880000)
  to   space 12288K, 0% used [0x000000074a600000,0x000000074a600000,0x000000074b200000)
 ParOldGen       total 205824K, used 18633K [0x00000005c0000000, 0x00000005cc900000, 0x0000000715580000)
  object space 205824K, 9% used [0x00000005c0000000,0x00000005c1232630,0x00000005cc900000)
 Metaspace       used 46725K, capacity 48424K, committed 48728K, reserved 1091584K
  class space    used 6176K, capacity 6519K, committed 6528K, reserved 1048576K
Event: 8.832 GC heap after
Heap after GC invocations=10 (full 2):
 PSYoungGen      total 832512K, used 6252K [0x0000000715580000, 0x000000074ac80000, 0x00000007c0000000)
  eden space 825856K, 0% used [0x0000000715580000,0x0000000715580000,0x0000000747c00000)
  from space 6656K, 93% used [0x000000074a600000,0x000000074ac1b338,0x000000074ac80000)
  to   space 11264K, 0% used [0x0000000749680000,0x0000000749680000,0x000000074a180000)
 ParOldGen       total 205824K, used 18641K [0x00000005c0000000, 0x00000005cc900000, 0x0000000715580000)
  object space 205824K, 9% used [0x00000005c0000000,0x00000005c1234630,0x00000005cc900000)
 Metaspace       used 46725K, capacity 48424K, committed 48728K, reserved 1091584K
  class space    used 6176K, capacity 6519K, committed 6528K, reserved 1048576K
}

