# JRE version: Java(TM) SE Runtime Environment (8.0_201-b09) (build 1.8.0_201-b09)
# Java VM: Java HotSpot(TM) 64-Bit Server VM (25.201-b09 mixed mode bsd-amd64 compressed oops)
Heap:
 PSYoungGen      total 619520K, used 9328K [0x0000000715580000, 0x0000000741300000, 0x00000007c0000000)
  eden space 604672K, 0% used [0x0000000715580000,0x0000000715580000,0x000000073a400000)
  from space 14848K, 62% used [0x000000073b280000,0x000000073bb9c050,0x000000073c100000)
  to   space 14848K, 0% used [0x000000073a400000,0x000000073a400000,0x000000073b280000)
 ParOldGen       total 250880K, used 25340K [0x00000005c0000000, 0x00000005cf500000, 0x0000000715580000)
  object space 250880K, 10% used [0x00000005c0000000,0x00000005c18bf3b0,0x00000005cf500000)
 Metaspace       used 56522K, capacity 58943K, committed 59160K, reserved 1099776K
  class space    used 7542K, capacity 7976K, committed 7976K, reserved 1048576K
GC Heap History (10 events):
Event: 6.007 GC heap after
Heap after GC invocations=10 (full 2):
 PSYoungGen      total 383488K, used 0K [0x0000000715580000, 0x000000072dd00000, 0x00000007c0000000)
  eden space 375296K, 0% used [0x0000000715580000,0x0000000715580000,0x000000072c400000)
  from space 8192K, 0% used [0x000000072cf80000,0x000000072cf80000,0x000000072d780000)
  to   space 11776K, 0% used [0x000000072c400000,0x000000072c400000,0x000000072cf80000)
 ParOldGen       total 250880K, used 18621K [0x00000005c0000000, 0x00000005cf500000, 0x0000000715580000)
  object space 250880K, 7% used [0x00000005c0000000,0x00000005c122f7e0,0x00000005cf500000)
 Metaspace       used 33814K, capacity 35336K, committed 35496K, reserved 1079296K
  class space    used 4371K, capacity 4691K, committed 4776K, reserved 1048576K
}
Event: 8.729 GC heap before
{Heap before GC invocations=11 (full 2):
 PSYoungGen      total 383488K, used 375296K [0x0000000715580000, 0x000000072dd00000, 0x00000007c0000000)
  eden space 375296K, 100% used [0x0000000715580000,0x000000072c400000,0x000000072c400000)
  from space 8192K, 0% used [0x000000072cf80000,0x000000072cf80000,0x000000072d780000)
  to   space 11776K, 0% used [0x000000072c400000,0x000000072c400000,0x000000072cf80000)
 ParOldGen       total 250880K, used 18621K [0x00000005c0000000, 0x00000005cf500000, 0x0000000715580000)
  object space 250880K, 7% used [0x00000005c0000000,0x00000005c122f7e0,0x00000005cf500000)
 Metaspace       used 43358K, capacity 44982K, committed 45224K, reserved 1089536K
  class space    used 5708K, capacity 6016K, committed 6056K, reserved 1048576K
Event: 8.740 GC heap after
Heap after GC invocations=11 (full 2):
 PSYoungGen      total 387072K, used 5277K [0x0000000715580000, 0x0000000734600000, 0x00000007c0000000)
  eden space 375296K, 0% used [0x0000000715580000,0x0000000715580000,0x000000072c400000)
  from space 11776K, 44% used [0x000000072c400000,0x000000072c927438,0x000000072cf80000)
  to   space 11264K, 0% used [0x0000000733b00000,0x0000000733b00000,0x0000000734600000)
 ParOldGen       total 250880K, used 18637K [0x00000005c0000000, 0x00000005cf500000, 0x0000000715580000)
  object space 250880K, 7% used [0x00000005c0000000,0x00000005c12337f0,0x00000005cf500000)
 Metaspace       used 43358K, capacity 44982K, committed 45224K, reserved 1089536K
  class space    used 5708K, capacity 6016K, committed 6056K, reserved 1048576K
}
Event: 10.934 GC heap before
{Heap before GC invocations=12 (full 2):
 PSYoungGen      total 387072K, used 380573K [0x0000000715580000, 0x0000000734600000, 0x00000007c0000000)
  eden space 375296K, 100% used [0x0000000715580000,0x000000072c400000,0x000000072c400000)
  from space 11776K, 44% used [0x000000072c400000,0x000000072c927438,0x000000072cf80000)
  to   space 11264K, 0% used [0x0000000733b00000,0x0000000733b00000,0x0000000734600000)
 ParOldGen       total 250880K, used 18637K [0x00000005c0000000, 0x00000005cf500000, 0x0000000715580000)
  object space 250880K, 7% used [0x00000005c0000000,0x00000005c12337f0,0x00000005cf500000)
 Metaspace       used 52363K, capacity 54492K, committed 54824K, reserved 1097728K
  class space    used 6957K, capacity 7337K, committed 7464K, reserved 1048576K
Event: 10.959 GC heap after
Heap after GC invocations=12 (full 2):
 PSYoungGen      total 490496K, used 9048K [0x0000000715580000, 0x0000000734400000, 0x00000007c0000000)
  eden space 481280K, 0% used [0x0000000715580000,0x0000000715580000,0x0000000732b80000)
  from space 9216K, 98% used [0x0000000733b00000,0x00000007343d6180,0x0000000734400000)
  to   space 11776K, 0% used [0x0000000732d00000,0x0000000732d00000,0x0000000733880000)
 ParOldGen       total 250880K, used 18645K [0x00000005c0000000, 0x00000005cf500000, 0x0000000715580000)
  object space 250880K, 7% used [0x00000005c0000000,0x00000005c12357f0,0x00000005cf500000)
 Metaspace       used 52363K, capacity 54492K, committed 54824K, reserved 1097728K
  class space    used 6957K, capacity 7337K, committed 7464K, reserved 1048576K
}
Event: 13.961 GC heap before
{Heap before GC invocations=13 (full 2):
 PSYoungGen      total 490496K, used 490328K [0x0000000715580000, 0x0000000734400000, 0x00000007c0000000)
  eden space 481280K, 100% used [0x0000000715580000,0x0000000732b80000,0x0000000732b80000)
  from space 9216K, 98% used [0x0000000733b00000,0x00000007343d6180,0x0000000734400000)
  to   space 11776K, 0% used [0x0000000732d00000,0x0000000732d00000,0x0000000733880000)
 ParOldGen       total 250880K, used 18645K [0x00000005c0000000, 0x00000005cf500000, 0x0000000715580000)
  object space 250880K, 7% used [0x00000005c0000000,0x00000005c12357f0,0x00000005cf500000)
 Metaspace       used 56329K, capacity 58748K, committed 58920K, reserved 1099776K
  class space    used 7515K, capacity 7939K, committed 7976K, reserved 1048576K
Event: 13.978 GC heap after
Heap after GC invocations=13 (full 2):
 PSYoungGen      total 494592K, used 11752K [0x0000000715580000, 0x000000073c100000, 0x00000007c0000000)
  eden space 482816K, 0% used [0x0000000715580000,0x0000000715580000,0x0000000732d00000)
  from space 11776K, 99% used [0x0000000732d00000,0x000000073387a1a0,0x0000000733880000)
  to   space 14848K, 0% used [0x000000073b280000,0x000000073b280000,0x000000073c100000)
 ParOldGen       total 250880K, used 22000K [0x00000005c0000000, 0x00000005cf500000, 0x0000000715580000)
  object space 250880K, 8% used [0x00000005c0000000,0x00000005c157c0d0,0x00000005cf500000)
 Metaspace       used 56329K, capacity 58748K, committed 58920K, reserved 1099776K
  class space    used 7515K, capacity 7939K, committed 7976K, reserved 1048576K
}
Event: 14.172 GC heap before
{Heap before GC invocations=14 (full 2):
 PSYoungGen      total 494592K, used 74758K [0x0000000715580000, 0x000000073c100000, 0x00000007c0000000)
  eden space 482816K, 13% used [0x0000000715580000,0x0000000719307908,0x0000000732d00000)
  from space 11776K, 99% used [0x0000000732d00000,0x000000073387a1a0,0x0000000733880000)
  to   space 14848K, 0% used [0x000000073b280000,0x000000073b280000,0x000000073c100000)
 ParOldGen       total 250880K, used 22000K [0x00000005c0000000, 0x00000005cf500000, 0x0000000715580000)
  object space 250880K, 8% used [0x00000005c0000000,0x00000005c157c0d0,0x00000005cf500000)
 Metaspace       used 56522K, capacity 58943K, committed 59160K, reserved 1099776K
  class space    used 7542K, capacity 7976K, committed 7976K, reserved 1048576K
Event: 14.202 GC heap after
Heap after GC invocations=14 (full 2):
 PSYoungGen      total 619520K, used 9328K [0x0000000715580000, 0x0000000741300000, 0x00000007c0000000)
  eden space 604672K, 0% used [0x0000000715580000,0x0000000715580000,0x000000073a400000)
  from space 14848K, 62% used [0x000000073b280000,0x000000073bb9c050,0x000000073c100000)
  to   space 14848K, 0% used [0x000000073a400000,0x000000073a400000,0x000000073b280000)
 ParOldGen       total 250880K, used 25340K [0x00000005c0000000, 0x00000005cf500000, 0x0000000715580000)
  object space 250880K, 10% used [0x00000005c0000000,0x00000005c18bf3b0,0x00000005cf500000)
 Metaspace       used 56522K, capacity 58943K, committed 59160K, reserved 1099776K
  class space    used 7542K, capacity 7976K, committed 7976K, reserved 1048576K
}
Event: 14.202 GC heap before
{Heap before GC invocations=15 (full 3):
 PSYoungGen      total 619520K, used 9328K [0x0000000715580000, 0x0000000741300000, 0x00000007c0000000)
  eden space 604672K, 0% used [0x0000000715580000,0x0000000715580000,0x000000073a400000)
  from space 14848K, 62% used [0x000000073b280000,0x000000073bb9c050,0x000000073c100000)
  to   space 14848K, 0% used [0x000000073a400000,0x000000073a400000,0x000000073b280000)
 ParOldGen       total 250880K, used 25340K [0x00000005c0000000, 0x00000005cf500000, 0x0000000715580000)
  object space 250880K, 10% used [0x00000005c0000000,0x00000005c18bf3b0,0x00000005cf500000)
 Metaspace       used 56522K, capacity 58943K, committed 59160K, reserved 1099776K
  class space    used 7542K, capacity 7976K, committed 7976K, reserved 1048576K

